# JRE version: OpenJDK Runtime Environment Temurin-21.0.4+7 (21.0.4+7) (build 21.0.4+7-LTS)
# Java VM: OpenJDK 64-Bit Server VM Temurin-21.0.4+7 (21.0.4+7-LTS, mixed mode, emulated-client, tiered, compressed oops, compressed class ptrs, g1 gc, windows-amd64)
GC Precious Log:
 CardTable entry size: 512
 Card Set container configuration: InlinePtr #cards 4 size 8 Array Of Cards #cards 16 size 48 Howl #buckets 8 coarsen threshold 3686 Howl Bitmap #cards 512 size 80 coarsen threshold 460 Card regions per heap region 1 cards per card region 4096
 CPUs: 16 total, 16 available
 Memory: 14197M
 Large Page Support: Disabled
 NUMA Support: Disabled
 Compressed Oops: Enabled (Zero based)
 Heap Region Size: 2M
 Heap Min Capacity: 8M
 Heap Initial Capacity: 222M
 Heap Max Capacity: 3550M
 Pre-touch: Disabled
 Parallel Workers: 13
 Concurrent Workers: 3
 Concurrent Refinement Workers: 13
 Periodic GC: Disabled
Heap:
 garbage-first heap   total 96256K, used 41609K [0x0000000722200000, 0x0000000800000000)
  region size 2048K, 9 young (18432K), 3 survivors (6144K)
 Metaspace       used 81607K, committed 82752K, reserved 1179648K
  class space    used 10794K, committed 11264K, reserved 1048576K
GC Heap History (20 events):
Event: 3.525 GC heap before
{Heap before GC invocations=14 (full 0):
 garbage-first heap   total 86016K, used 66837K [0x0000000722200000, 0x0000000800000000)
  region size 2048K, 25 young (51200K), 2 survivors (4096K)
 Metaspace       used 55714K, committed 56256K, reserved 1114112K
  class space    used 6991K, committed 7232K, reserved 1048576K
}
Event: 3.527 GC heap after
{Heap after GC invocations=15 (full 0):
 garbage-first heap   total 86016K, used 22632K [0x0000000722200000, 0x0000000800000000)
  region size 2048K, 3 young (6144K), 3 survivors (6144K)
 Metaspace       used 55714K, committed 56256K, reserved 1114112K
  class space    used 6991K, committed 7232K, reserved 1048576K
}
Event: 3.813 GC heap before
{Heap before GC invocations=15 (full 0):
 garbage-first heap   total 86016K, used 65640K [0x0000000722200000, 0x0000000800000000)
  region size 2048K, 25 young (51200K), 3 survivors (6144K)
 Metaspace       used 59640K, committed 60224K, reserved 1114112K
  class space    used 7502K, committed 7744K, reserved 1048576K
}
Event: 3.816 GC heap after
{Heap after GC invocations=16 (full 0):
 garbage-first heap   total 86016K, used 23484K [0x0000000722200000, 0x0000000800000000)
  region size 2048K, 3 young (6144K), 3 survivors (6144K)
 Metaspace       used 59640K, committed 60224K, reserved 1114112K
  class space    used 7502K, committed 7744K, reserved 1048576K
}
Event: 3.825 GC heap before
{Heap before GC invocations=16 (full 0):
 garbage-first heap   total 86016K, used 23484K [0x0000000722200000, 0x0000000800000000)
  region size 2048K, 4 young (8192K), 3 survivors (6144K)
 Metaspace       used 59744K, committed 60288K, reserved 1114112K
  class space    used 7522K, committed 7744K, reserved 1048576K
}
Event: 3.828 GC heap after
{Heap after GC invocations=17 (full 0):
 garbage-first heap   total 86016K, used 23852K [0x0000000722200000, 0x0000000800000000)
  region size 2048K, 3 young (6144K), 3 survivors (6144K)
 Metaspace       used 59744K, committed 60288K, reserved 1114112K
  class space    used 7522K, committed 7744K, reserved 1048576K
}
Event: 4.124 GC heap before
{Heap before GC invocations=18 (full 0):
 garbage-first heap   total 86016K, used 66860K [0x0000000722200000, 0x0000000800000000)
  region size 2048K, 25 young (51200K), 3 survivors (6144K)
 Metaspace       used 64438K, committed 65024K, reserved 1114112K
  class space    used 8353K, committed 8576K, reserved 1048576K
}
Event: 4.127 GC heap after
{Heap after GC invocations=19 (full 0):
 garbage-first heap   total 86016K, used 24356K [0x0000000722200000, 0x0000000800000000)
  region size 2048K, 3 young (6144K), 3 survivors (6144K)
 Metaspace       used 64438K, committed 65024K, reserved 1114112K
  class space    used 8353K, committed 8576K, reserved 1048576K
}
Event: 4.483 GC heap before
{Heap before GC invocations=19 (full 0):
 garbage-first heap   total 86016K, used 67364K [0x0000000722200000, 0x0000000800000000)
  region size 2048K, 25 young (51200K), 3 survivors (6144K)
 Metaspace       used 68541K, committed 69120K, reserved 1114112K
  class space    used 8985K, committed 9216K, reserved 1048576K
}
Event: 4.487 GC heap after
{Heap after GC invocations=20 (full 0):
 garbage-first heap   total 86016K, used 24830K [0x0000000722200000, 0x0000000800000000)
  region size 2048K, 3 young (6144K), 3 survivors (6144K)
 Metaspace       used 68541K, committed 69120K, reserved 1114112K
  class space    used 8985K, committed 9216K, reserved 1048576K
}
Event: 4.884 GC heap before
{Heap before GC invocations=20 (full 0):
 garbage-first heap   total 86016K, used 69886K [0x0000000722200000, 0x0000000800000000)
  region size 2048K, 25 young (51200K), 3 survivors (6144K)
 Metaspace       used 72797K, committed 73536K, reserved 1114112K
  class space    used 9588K, committed 9920K, reserved 1048576K
}
Event: 4.888 GC heap after
{Heap after GC invocations=21 (full 0):
 garbage-first heap   total 86016K, used 26764K [0x0000000722200000, 0x0000000800000000)
  region size 2048K, 4 young (8192K), 4 survivors (8192K)
 Metaspace       used 72797K, committed 73536K, reserved 1114112K
  class space    used 9588K, committed 9920K, reserved 1048576K
}
Event: 5.226 GC heap before
{Heap before GC invocations=21 (full 0):
 garbage-first heap   total 86016K, used 69772K [0x0000000722200000, 0x0000000800000000)
  region size 2048K, 25 young (51200K), 4 survivors (8192K)
 Metaspace       used 76228K, committed 76992K, reserved 1179648K
  class space    used 10038K, committed 10368K, reserved 1048576K
}
Event: 5.230 GC heap after
{Heap after GC invocations=22 (full 0):
 garbage-first heap   total 104448K, used 29078K [0x0000000722200000, 0x0000000800000000)
  region size 2048K, 3 young (6144K), 3 survivors (6144K)
 Metaspace       used 76228K, committed 76992K, reserved 1179648K
  class space    used 10038K, committed 10368K, reserved 1048576K
}
Event: 5.731 GC heap before
{Heap before GC invocations=22 (full 0):
 garbage-first heap   total 104448K, used 84374K [0x0000000722200000, 0x0000000800000000)
  region size 2048K, 30 young (61440K), 3 survivors (6144K)
 Metaspace       used 79760K, committed 80512K, reserved 1179648K
  class space    used 10584K, committed 10880K, reserved 1048576K
}
Event: 5.736 GC heap after
{Heap after GC invocations=23 (full 0):
 garbage-first heap   total 104448K, used 32482K [0x0000000722200000, 0x0000000800000000)
  region size 2048K, 4 young (8192K), 4 survivors (8192K)
 Metaspace       used 79760K, committed 80512K, reserved 1179648K
  class space    used 10584K, committed 10880K, reserved 1048576K
}
Event: 119.692 GC heap before
{Heap before GC invocations=23 (full 0):
 garbage-first heap   total 104448K, used 65250K [0x0000000722200000, 0x0000000800000000)
  region size 2048K, 21 young (43008K), 4 survivors (8192K)
 Metaspace       used 81652K, committed 82432K, reserved 1179648K
  class space    used 10867K, committed 11200K, reserved 1048576K
}
Event: 119.727 GC heap after
{Heap after GC invocations=24 (full 1):
 garbage-first heap   total 96256K, used 26410K [0x0000000722200000, 0x0000000800000000)
  region size 2048K, 0 young (0K), 0 survivors (0K)
 Metaspace       used 81633K, committed 82432K, reserved 1179648K
  class space    used 10862K, committed 11200K, reserved 1048576K
}
Event: 120.403 GC heap before
{Heap before GC invocations=24 (full 1):
 garbage-first heap   total 96256K, used 81706K [0x0000000722200000, 0x0000000800000000)
  region size 2048K, 28 young (57344K), 0 survivors (0K)
 Metaspace       used 81947K, committed 82752K, reserved 1179648K
  class space    used 10893K, committed 11264K, reserved 1048576K
}
Event: 120.407 GC heap after
{Heap after GC invocations=25 (full 1):
 garbage-first heap   total 96256K, used 31369K [0x0000000722200000, 0x0000000800000000)
  region size 2048K, 3 young (6144K), 3 survivors (6144K)
 Metaspace       used 81947K, committed 82752K, reserved 1179648K
  class space    used 10893K, committed 11264K, reserved 1048576K
}

